<?xml version="1.0" encoding="UTF-8"?>
<!-- Generated by org.testng.reporters.JUnitXMLReporter -->
<testsuite ignored="1" hostname="JOHAN" failures="0" tests="7" name="CarLoan" time="0.094" errors="0" timestamp="2022-08-03T10:16:10 IST">
  <testcase classname="test.DemoProgram3" name="MobileSignOutCarLoan" time="0.009"/>
  <testcase classname="test.DemoProgram3" name="MobileSignOutCarLoan" time="0.001"/>
  <testcase classname="test.DemoProgram3" name="MobileSignOutCarLoan" time="0.001"/>
  <testcase classname="test.DemoProgram3" name="WebLogInCarLoan" time="0.002"/>
  <testcase classname="test.DemoProgram3" name="MobileLogInCarLoan" time="0.002"/>
  <testcase classname="test.DemoProgram3" name="MobileLogOutCarLoan" time="0.006"/>
  <testcase classname="test.DemoProgram3" name="APILogInCarLoan" time="0.001"/>
  <testcase classname="test.DemoProgram3" name="MobileSignInCarLoan" time="0.0">
    <ignored/>
  </testcase> <!-- MobileSignInCarLoan -->
</testsuite> <!-- CarLoan -->
