<?xml version="1.0" encoding="UTF-8"?>
<!-- Generated by org.testng.reporters.JUnitXMLReporter -->
<testsuite ignored="0" hostname="JOHAN" failures="0" tests="3" name="HomeLoan" time="0.008" errors="0" timestamp="2022-08-03T10:16:10 IST">
  <testcase classname="test.DemoProgram4" name="APILogInHomeLoan" time="0.001"/>
  <testcase classname="test.DemoProgram4" name="MobileLogInHomeLoan" time="0.002"/>
  <testcase classname="test.DemoProgram4" name="WebLogInHomeLoan" time="0.001"/>
</testsuite> <!-- HomeLoan -->
