<?xml version="1.0" encoding="UTF-8"?>
<!-- Generated by org.testng.reporters.JUnitXMLReporter -->
<testsuite ignored="0" hostname="JOHAN" failures="1" tests="3" name="PersonalLoan" time="0.085" errors="0" timestamp="2022-08-03T10:16:10 IST">
  <testcase classname="test.DemoProgram" name="demo" time="0.008"/>
  <testcase classname="test.DemoProgram" name="secondClass" time="0.011">
    <failure type="java.lang.AssertionError" message="expected [true] but found [false]">
      <![CDATA[java.lang.AssertionError: expected [true] but found [false]
at test.DemoProgram.secondClass(DemoProgram.java:25)
at java.base/java.util.ArrayList.forEach(ArrayList.java:1511)
at java.base/java.util.concurrent.FutureTask.run(FutureTask.java:264)
at java.base/java.util.concurrent.ThreadPoolExecutor.runWorker(ThreadPoolExecutor.java:1136)
at java.base/java.util.concurrent.ThreadPoolExecutor$Worker.run(ThreadPoolExecutor.java:635)
at java.base/java.lang.Thread.run(Thread.java:833)
... Removed 22 stack frames]]>
    </failure>
  </testcase> <!-- secondClass -->
  <testcase classname="test.DemoProgram2" name="PersonalLoan" time="0.002"/>
</testsuite> <!-- PersonalLoan -->
