<?xml version="1.0" encoding="UTF-8"?>
<!-- Generated by org.testng.reporters.JUnitXMLReporter -->
<testsuite ignored="0" hostname="JOHAN" failures="0" tests="12" name="Loan" time="0.079" errors="0" timestamp="2022-08-01T13:05:04 IST">
  <testcase classname="test.DemoProgram" name="demo" time="0.006"/>
  <testcase classname="test.DemoProgram" name="secondClass" time="0.001"/>
  <testcase classname="test.DemoProgram2" name="PersonalLoan" time="0.001"/>
  <testcase classname="test.DemoProgram3" name="APILogInCarLoan" time="0.002"/>
  <testcase classname="test.DemoProgram3" name="MobileLogInCarLoan" time="0.001"/>
  <testcase classname="test.DemoProgram3" name="MobileLogOutCarLoan" time="0.001"/>
  <testcase classname="test.DemoProgram3" name="MobileSignInCarLoan" time="0.001"/>
  <testcase classname="test.DemoProgram3" name="MobileSignOutCarLoan" time="0.001"/>
  <testcase classname="test.DemoProgram3" name="WebLogInCarLoan" time="0.001"/>
  <testcase classname="test.DemoProgram4" name="APILogInHomeLoan" time="0.001"/>
  <testcase classname="test.DemoProgram4" name="MobileLogInHomeLoan" time="0.001"/>
  <testcase classname="test.DemoProgram4" name="WebLogInHomeLoan" time="0.001"/>
</testsuite> <!-- Loan -->
