<?xml version="1.0" encoding="UTF-8"?>
<testng-results ignored="0" total="4" passed="4" failed="0" skipped="0">
  <reporter-output>
  </reporter-output>
  <suite started-at="2022-08-03T15:42:27 IST" name="Suite" finished-at="2022-08-03T15:42:27 IST" duration-ms="74">
    <groups>
    </groups>
    <test started-at="2022-08-03T15:42:27 IST" name="Test" finished-at="2022-08-03T15:42:27 IST" duration-ms="74">
      <class name="qaclickacademy.Mavenjava.RESTAPITest">
        <test-method signature="deleteTwitter()[pri:0, instance:qaclickacademy.Mavenjava.RESTAPITest@3daa422a]" started-at="2022-08-03T15:42:27 IST" name="deleteTwitter" finished-at="2022-08-03T15:42:27 IST" duration-ms="10" status="PASS">
          <reporter-output>
          </reporter-output>
        </test-method> <!-- deleteTwitter -->
        <test-method signature="postJira()[pri:0, instance:qaclickacademy.Mavenjava.RESTAPITest@3daa422a]" started-at="2022-08-03T15:42:27 IST" name="postJira" finished-at="2022-08-03T15:42:27 IST" duration-ms="1" status="PASS">
          <reporter-output>
          </reporter-output>
        </test-method> <!-- postJira -->
      </class> <!-- qaclickacademy.Mavenjava.RESTAPITest -->
      <class name="qaclickacademy.Mavenjava.SeleniumTest">
        <test-method signature="BrowserAutomation()[pri:0, instance:qaclickacademy.Mavenjava.SeleniumTest@3c407114]" started-at="2022-08-03T15:42:27 IST" name="BrowserAutomation" finished-at="2022-08-03T15:42:27 IST" duration-ms="1" status="PASS">
          <reporter-output>
          </reporter-output>
        </test-method> <!-- BrowserAutomation -->
        <test-method signature="elementsUi()[pri:0, instance:qaclickacademy.Mavenjava.SeleniumTest@3c407114]" started-at="2022-08-03T15:42:27 IST" name="elementsUi" finished-at="2022-08-03T15:42:27 IST" duration-ms="1" status="PASS">
          <reporter-output>
          </reporter-output>
        </test-method> <!-- elementsUi -->
      </class> <!-- qaclickacademy.Mavenjava.SeleniumTest -->
    </test> <!-- Test -->
  </suite> <!-- Suite -->
</testng-results>
