<?xml version="1.0" encoding="UTF-8"?>
<!-- Generated by org.testng.reporters.JUnitXMLReporter -->
<testsuite ignored="0" hostname="JOHAN" failures="0" tests="4" name="Test" time="32.224" errors="0" timestamp="2022-08-05T21:27:07 IST">
  <testcase classname="Academy.ValidateNavigationBar" name="basePageNavigation" time="0.177"/>
  <testcase classname="Academy.ValidateTitle" name="basePageNavigation" time="0.079"/>
  <testcase classname="Academy.HomePage" name="basePageNavigation" time="7.734"/>
  <testcase classname="Academy.HomePage" name="basePageNavigation" time="2.958"/>
</testsuite> <!-- Test -->
