-------------------------------------------------------------------------------
Test set: TestSuite
-------------------------------------------------------------------------------
Tests run: 4, Failures: 1, Errors: 0, Skipped: 0, Time elapsed: 14.788 s <<< FAILURE! - in TestSuite
basePageNavigation(Academy.ValidateTitle)  Time elapsed: 1.559 s  <<< FAILURE!
junit.framework.ComparisonFailure: expected:<FEATURED[] COURSES> but was:<FEATURED[123] COURSES>
	at Academy.ValidateTitle.basePageNavigation(ValidateTitle.java:34)

