<?xml version="1.0" encoding="UTF-8"?>
<testng-results ignored="0" total="1" passed="1" failed="0" skipped="0">
  <reporter-output>
  </reporter-output>
  <suite started-at="2022-08-05T13:09:46 IST" name="Default suite" finished-at="2022-08-05T13:10:21 IST" duration-ms="34291">
    <groups>
    </groups>
    <test started-at="2022-08-05T13:09:46 IST" name="Default test" finished-at="2022-08-05T13:10:21 IST" duration-ms="34291">
      <class name="Testcases.LoginApplicationPF">
        <test-method signature="login()[pri:0, instance:Testcases.LoginApplicationPF@67f639d3]" started-at="2022-08-05T13:09:46 IST" name="login" finished-at="2022-08-05T13:10:21 IST" duration-ms="34233" status="PASS">
          <reporter-output>
          </reporter-output>
        </test-method> <!-- login -->
      </class> <!-- Testcases.LoginApplicationPF -->
    </test> <!-- Default test -->
  </suite> <!-- Default suite -->
</testng-results>
