<?xml version="1.0" encoding="UTF-8"?>
<testng-results ignored="0" total="1" passed="1" failed="0" skipped="0">
  <reporter-output>
  </reporter-output>
  <suite started-at="2022-08-04T12:47:21 IST" name="Default suite" finished-at="2022-08-04T12:47:29 IST" duration-ms="7562">
    <groups>
    </groups>
    <test started-at="2022-08-04T12:47:21 IST" name="Default test" finished-at="2022-08-04T12:47:29 IST" duration-ms="7562">
      <class name="qaclickacademy.ExtentReports.ExtentReportDemo">
        <test-method is-config="true" signature="config()[pri:0, instance:qaclickacademy.ExtentReports.ExtentReportDemo@209da20d]" started-at="2022-08-04T12:47:21 IST" name="config" finished-at="2022-08-04T12:47:22 IST" duration-ms="361" status="PASS">
          <reporter-output>
          </reporter-output>
        </test-method> <!-- config -->
        <test-method signature="initialDemo()[pri:0, instance:qaclickacademy.ExtentReports.ExtentReportDemo@209da20d]" started-at="2022-08-04T12:47:22 IST" name="initialDemo" finished-at="2022-08-04T12:47:29 IST" duration-ms="7152" status="PASS">
          <reporter-output>
          </reporter-output>
        </test-method> <!-- initialDemo -->
      </class> <!-- qaclickacademy.ExtentReports.ExtentReportDemo -->
    </test> <!-- Default test -->
  </suite> <!-- Default suite -->
</testng-results>
