<?xml version="1.0" encoding="UTF-8"?>
<testng-results ignored="0" total="2" passed="2" failed="0" skipped="0">
  <reporter-output>
  </reporter-output>
  <suite started-at="2022-08-04T18:44:43 IST" name="Default suite" finished-at="2022-08-04T18:44:43 IST" duration-ms="67">
    <groups>
    </groups>
    <test started-at="2022-08-04T18:44:43 IST" name="Default test" finished-at="2022-08-04T18:44:43 IST" duration-ms="67">
      <class name="qaclickacademy.Mavenjava.ApiumTest">
        <test-method signature="IOSApps()[pri:0, instance:qaclickacademy.Mavenjava.ApiumTest@2b91004a]" started-at="2022-08-04T18:44:43 IST" name="IOSApps" finished-at="2022-08-04T18:44:43 IST" duration-ms="10" status="PASS">
          <reporter-output>
          </reporter-output>
        </test-method> <!-- IOSApps -->
        <test-method signature="nativeAppAndroid()[pri:0, instance:qaclickacademy.Mavenjava.ApiumTest@2b91004a]" started-at="2022-08-04T18:44:43 IST" name="nativeAppAndroid" finished-at="2022-08-04T18:44:43 IST" duration-ms="2" status="PASS">
          <reporter-output>
          </reporter-output>
        </test-method> <!-- nativeAppAndroid -->
      </class> <!-- qaclickacademy.Mavenjava.ApiumTest -->
    </test> <!-- Default test -->
  </suite> <!-- Default suite -->
</testng-results>
