<?xml version="1.0" encoding="UTF-8"?>
<testng-results ignored="0" total="2" passed="2" failed="0" skipped="0">
  <reporter-output>
  </reporter-output>
  <suite started-at="2022-08-09T15:08:50 IST" name="Suite" finished-at="2022-08-09T15:09:04 IST" duration-ms="13641">
    <groups>
    </groups>
    <test started-at="2022-08-09T15:08:50 IST" name="Test" finished-at="2022-08-09T15:09:04 IST" duration-ms="13641">
      <class name="GoogleTest">
        <test-method signature="HomePageCheck()[pri:0, instance:GoogleTest@7671cb68]" started-at="2022-08-09T15:08:50 IST" name="HomePageCheck" finished-at="2022-08-09T15:09:04 IST" duration-ms="13593" status="PASS">
          <reporter-output>
          </reporter-output>
        </test-method> <!-- HomePageCheck -->
      </class> <!-- GoogleTest -->
      <class name="RSATest">
        <test-method signature="HomePageCheck()[pri:0, instance:RSATest@3541cb24]" started-at="2022-08-09T15:08:50 IST" name="HomePageCheck" finished-at="2022-08-09T15:09:04 IST" duration-ms="13331" status="PASS">
          <reporter-output>
          </reporter-output>
        </test-method> <!-- HomePageCheck -->
      </class> <!-- RSATest -->
    </test> <!-- Test -->
  </suite> <!-- Suite -->
</testng-results>
