<?xml version="1.0" encoding="UTF-8"?>
<!-- Generated by org.testng.reporters.JUnitXMLReporter -->
<testsuite ignored="0" hostname="JOHAN" failures="1" tests="1" name="Validating title in the page" time="9.875" errors="0" timestamp="2022-08-08T15:07:47 IST">
  <testcase classname="Academy.ValidateTitle" name="basePageNavigation" time="0.062">
    <failure type="junit.framework.ComparisonFailure" message="expected:&amp;lt;FEATURED[] COURSES&amp;gt; but was:&amp;lt;FEATURED[123] COURSES&amp;gt;">
      <![CDATA[junit.framework.ComparisonFailure: expected:<FEATURED[] COURSES> but was:<FEATURED[123] COURSES>
at junit.framework.Assert.assertEquals(Assert.java:100)
at junit.framework.Assert.assertEquals(Assert.java:107)
at Academy.ValidateTitle.basePageNavigation(ValidateTitle.java:34)
at java.base/java.util.ArrayList.forEach(ArrayList.java:1511)
at java.base/java.util.concurrent.FutureTask.run(FutureTask.java:264)
at java.base/java.util.concurrent.ThreadPoolExecutor.runWorker(ThreadPoolExecutor.java:1136)
at java.base/java.util.concurrent.ThreadPoolExecutor$Worker.run(ThreadPoolExecutor.java:635)
at java.base/java.lang.Thread.run(Thread.java:833)
... Removed 15 stack frames]]>
    </failure>
  </testcase> <!-- basePageNavigation -->
</testsuite> <!-- Validating title in the page -->
